<?xml version="1.0" encoding="UTF-8"?>
<!-- Generated by org.testng.reporters.JUnitXMLReporter -->
<testsuite hostname="Lenovo-PC" ignored="2" name="Default test" tests="4" failures="0" timestamp="30 Oct 2018 02:19:57 GMT" time="11.271" errors="0">
  <testcase name="test0" time="0.009" classname="org.adactin.login.LoginPage_Test"/>
  <testcase name="test1" time="0.001" classname="org.adactin.login.LoginPage_Test"/>
  <testcase name="test3" time="0.004" classname="org.adactin.login.LoginPage_Test"/>
  <testcase name="test3" time="0.002" classname="org.adactin.login.LoginPage_Test"/>
  <testcase name="ValidLoginTest" time="0.0" classname="org.adactin.login.LoginPage_Test">
    <ignored/>
  </testcase> <!-- ValidLoginTest -->
  <testcase name="InvalidLoginTest" time="0.0" classname="org.adactin.login.LoginPage_Test">
    <ignored/>
  </testcase> <!-- InvalidLoginTest -->
</testsuite> <!-- Default test -->
