<?xml version="1.0" encoding="UTF-8"?>
<!-- Generated by org.testng.reporters.JUnitXMLReporter -->
<testsuite hostname="Lenovo-PC" ignored="2" name="LoginTest0" tests="4" failures="0" timestamp="12 Oct 2018 13:33:49 GMT" time="16.89" errors="0">
  <testcase name="test0" time="0.003" classname="org.adactin.login.LoginPage_Test"/>
  <testcase name="test1" time="0.009" classname="org.adactin.login.LoginPage_Test"/>
  <testcase name="test2" time="0.002" classname="org.adactin.login.LoginPage_Test"/>
  <testcase name="test3" time="0.002" classname="org.adactin.login.LoginPage_Test"/>
  <testcase name="ValidLoginTest" time="0.0" classname="org.adactin.login.LoginPage_Test">
    <ignored/>
  </testcase> <!-- ValidLoginTest -->
  <testcase name="InvalidLoginTest" time="0.0" classname="org.adactin.login.LoginPage_Test">
    <ignored/>
  </testcase> <!-- InvalidLoginTest -->
</testsuite> <!-- LoginTest0 -->
