<?xml version="1.0" encoding="UTF-8"?>
<!-- Generated by org.testng.reporters.JUnitXMLReporter -->
<testsuite hostname="Lenovo-PC" ignored="0" name="LoginTest" tests="2" failures="1" timestamp="23 Aug 2018 18:52:32 GMT" time="12.912" errors="0">
  <testcase name="InvalidLoginTest" time="0.813" classname="org.adactin.login.LoginPage_Test"/>
  <testcase name="ValidLoginTest" time="0.597" classname="org.adactin.login.LoginPage_Test">
    <failure type="junit.framework.ComparisonFailure" message="expected:&amp;lt;...Search Hotel&amp;gt; but was:&amp;lt;...Hotel Reservation System&amp;gt;">
      <![CDATA[junit.framework.ComparisonFailure: expected:<...Search Hotel> but was:<...Hotel Reservation System>
at junit.framework.Assert.assertEquals(Assert.java:81)
at junit.framework.Assert.assertEquals(Assert.java:87)
at org.adactin.login.LoginPage_Test.ValidLoginTest(LoginPage_Test.java:17)
... Removed 25 stack frames]]>
    </failure>
  </testcase> <!-- ValidLoginTest -->
</testsuite> <!-- LoginTest -->
