<?xml version="1.0" encoding="UTF-8"?>
<!-- Generated by org.testng.reporters.JUnitXMLReporter -->
<testsuite hostname="Lenovo-PC" ignored="2" name="test1" tests="4" failures="0" timestamp="25 Oct 2018 04:01:13 GMT" time="43.092" errors="0">
  <testcase name="test0" time="0.021" classname="org.adactin.login.LoginPage_Test"/>
  <testcase name="test1" time="0.005" classname="org.adactin.login.LoginPage_Test"/>
  <testcase name="test3" time="0.001" classname="org.adactin.login.LoginPage_Test"/>
  <testcase name="test3" time="0.002" classname="org.adactin.login.LoginPage_Test"/>
  <testcase name="ValidLoginTest" time="0.0" classname="org.adactin.login.LoginPage_Test">
    <ignored/>
  </testcase> <!-- ValidLoginTest -->
  <testcase name="InvalidLoginTest" time="0.0" classname="org.adactin.login.LoginPage_Test">
    <ignored/>
  </testcase> <!-- InvalidLoginTest -->
</testsuite> <!-- test1 -->
