<?xml version="1.0" encoding="UTF-8"?>
<testng-results skipped="0" failed="0" ignored="2" total="6" passed="4">
  <reporter-output>
  </reporter-output>
  <suite name="Default suite" duration-ms="48131" started-at="2018-10-31T02:17:12Z" finished-at="2018-10-31T02:18:00Z">
    <groups>
      <group name="test">
        <method signature="LoginPage_Test.test1()[pri:0, instance:org.adactin.login.LoginPage_Test@5f341870]" name="test1" class="org.adactin.login.LoginPage_Test"/>
      </group> <!-- test -->
    </groups>
    <test name="Default test" duration-ms="48131" started-at="2018-10-31T02:17:12Z" finished-at="2018-10-31T02:18:00Z">
      <class name="org.adactin.login.LoginPage_Test">
        <test-method status="PASS" signature="launchBrowser()[pri:0, instance:org.adactin.login.LoginPage_Test@5f341870]" name="launchBrowser" is-config="true" duration-ms="47964" started-at="2018-10-31T02:17:12Z" finished-at="2018-10-31T02:18:00Z">
          <reporter-output>
          </reporter-output>
        </test-method> <!-- launchBrowser -->
        <test-method status="PASS" signature="test0()[pri:0, instance:org.adactin.login.LoginPage_Test@5f341870]" name="test0" duration-ms="21" started-at="2018-10-31T02:18:00Z" finished-at="2018-10-31T02:18:00Z">
          <reporter-output>
          </reporter-output>
        </test-method> <!-- test0 -->
        <test-method status="PASS" signature="test1()[pri:0, instance:org.adactin.login.LoginPage_Test@5f341870]" name="test1" duration-ms="12" started-at="2018-10-31T02:18:00Z" finished-at="2018-10-31T02:18:00Z">
          <reporter-output>
          </reporter-output>
        </test-method> <!-- test1 -->
        <test-method status="PASS" signature="test3()[pri:0, instance:org.adactin.login.LoginPage_Test@5f341870]" name="test3" duration-ms="9" depends-on-groups="test" started-at="2018-10-31T02:18:00Z" finished-at="2018-10-31T02:18:00Z">
          <reporter-output>
          </reporter-output>
        </test-method> <!-- test3 -->
        <test-method status="PASS" signature="test3(java.lang.String)[pri:0, instance:org.adactin.login.LoginPage_Test@5f341870]" name="test3" duration-ms="11" started-at="2018-10-31T02:18:00Z" depends-on-methods="org.adactin.login.LoginPage_Test.test0" finished-at="2018-10-31T02:18:00Z">
          <params>
            <param index="0">
              <value>
                <![CDATA[am dep on test method]]>
              </value>
            </param>
          </params>
          <reporter-output>
          </reporter-output>
        </test-method> <!-- test3 -->
      </class> <!-- org.adactin.login.LoginPage_Test -->
    </test> <!-- Default test -->
  </suite> <!-- Default suite -->
</testng-results>
